ParseStarterProject/build/intermediates/manifest_merge_blame_file/debug/manifest-merger-blame-debug-report.txt
1<?xml version="1.0" encoding="utf-8"?>
2<!--
3  ~ Copyright (c) 2015-present, Parse, LLC.
4  ~ All rights reserved.
5  ~
6  ~ This source code is licensed under the BSD-style license found in the
7  ~ LICENSE file in the root directory of this source tree. An additional grant
8  ~ of patent rights can be found in the PATENTS file in the same directory.
9-->
10<manifest xmlns:android="http://schemas.android.com/apk/res/android"
11    package="com.parse.starter"
12    android:versionCode="1"
13    android:versionName="1.0" >
14
15    <uses-sdk
16        android:minSdkVersion="9"
16-->src\main\AndroidManifest.xml
17        android:targetSdkVersion="23" />
17-->src\main\AndroidManifest.xml
18
19    <uses-permission android:name="android.permission.INTERNET" />
19-->src\main\AndroidManifest.xml:12:5-67
19-->src\main\AndroidManifest.xml:12:22-64
20    <uses-permission android:name="android.permission.ACCESS_NETWORK_STATE" />
20-->src\main\AndroidManifest.xml:13:5-79
20-->src\main\AndroidManifest.xml:13:22-76
21    <uses-permission android:name="android.permission.READ_EXTERNAL_STORAGE" />
21-->src\main\AndroidManifest.xml:14:5-80
21-->src\main\AndroidManifest.xml:14:22-77
22    <uses-permission android:name="android.permission.ACCESS_FINE_LOCATION" />
22-->src\main\AndroidManifest.xml:16:5-79
22-->src\main\AndroidManifest.xml:16:22-76
23
24    <!-- Optional permission for Analytics to run. -->
25    <uses-permission android:name="android.permission.WAKE_LOCK" /> <!-- Permissions required for GCM -->
25-->[com.google.android.gms:play-services-analytics:9.4.0] AndroidManifest.xml:25:5-67
25-->[com.google.android.gms:play-services-analytics:9.4.0] AndroidManifest.xml:25:22-65
26    <uses-permission android:name="com.google.android.c2dm.permission.RECEIVE" />
26-->[com.google.android.gms:play-services-gcm:9.4.0] AndroidManifest.xml:21:5-82
26-->[com.google.android.gms:play-services-gcm:9.4.0] AndroidManifest.xml:21:22-79
27
28    <uses-feature
28-->[com.google.android.gms:play-services-maps:9.4.0] AndroidManifest.xml:22:5-24:33
29        android:glEsVersion="0x00020000"
29-->[com.google.android.gms:play-services-maps:9.4.0] AndroidManifest.xml:23:8-40
30        android:required="true" />
30-->[com.google.android.gms:play-services-maps:9.4.0] AndroidManifest.xml:24:8-31
31
32    <permission
32-->[com.google.firebase:firebase-iid:9.4.0] AndroidManifest.xml:25:5-26:47
33        android:name="com.parse.starter.permission.C2D_MESSAGE"
33-->[com.google.firebase:firebase-iid:9.4.0] AndroidManifest.xml:25:17-71
34        android:protectionLevel="signature" />
34-->[com.google.firebase:firebase-iid:9.4.0] AndroidManifest.xml:26:9-44
35
36    <uses-permission android:name="com.parse.starter.permission.C2D_MESSAGE" />
36-->[com.google.firebase:firebase-iid:9.4.0] AndroidManifest.xml:28:5-79
36-->[com.google.firebase:firebase-iid:9.4.0] AndroidManifest.xml:28:22-76
37
38    <application
38-->src\main\AndroidManifest.xml:18:5-36:19
39        android:name="com.parse.starter.StarterApplication"
39-->src\main\AndroidManifest.xml:19:9-43
40        android:allowBackup="true"
40-->src\main\AndroidManifest.xml:20:9-35
41        android:debuggable="true"
42        android:icon="@mipmap/ic_launcher"
42-->src\main\AndroidManifest.xml:21:9-43
43        android:label="@string/app_name"
43-->src\main\AndroidManifest.xml:22:9-41
44        android:testOnly="true"
45        android:theme="@style/AppTheme" >
45-->src\main\AndroidManifest.xml:23:9-40
46        <activity
46-->src\main\AndroidManifest.xml:25:9-33:20
47            android:name="com.parse.starter.MainActivity"
47-->src\main\AndroidManifest.xml:26:13-41
48            android:label="@string/app_name" >
48-->src\main\AndroidManifest.xml:27:13-45
49            <intent-filter>
49-->src\main\AndroidManifest.xml:28:13-32:29
50                <action android:name="android.intent.action.MAIN" />
50-->src\main\AndroidManifest.xml:29:17-69
50-->src\main\AndroidManifest.xml:29:25-66
51
52                <category android:name="android.intent.category.LAUNCHER" />
52-->src\main\AndroidManifest.xml:31:17-77
52-->src\main\AndroidManifest.xml:31:27-74
53            </intent-filter>
54        </activity>
55
56        <!-- Include the AdActivity and InAppPurchaseActivity configChanges and themes. -->
57        <activity
57-->[com.google.android.gms:play-services-ads-lite:9.4.0] AndroidManifest.xml:26:9-29:64
58            android:name="com.google.android.gms.ads.AdActivity"
58-->[com.google.android.gms:play-services-ads-lite:9.4.0] AndroidManifest.xml:27:13-65
59            android:configChanges="keyboard|keyboardHidden|orientation|screenLayout|uiMode|screenSize|smallestScreenSize"
59-->[com.google.android.gms:play-services-ads-lite:9.4.0] AndroidManifest.xml:28:13-122
60            android:theme="@android:style/Theme.Translucent" />
60-->[com.google.android.gms:play-services-ads-lite:9.4.0] AndroidManifest.xml:29:13-61
61        <activity
61-->[com.google.android.gms:play-services-ads-lite:9.4.0] AndroidManifest.xml:30:9-31:52
62            android:name="com.google.android.gms.ads.purchase.InAppPurchaseActivity"
62-->[com.google.android.gms:play-services-ads-lite:9.4.0] AndroidManifest.xml:30:19-91
63            android:theme="@style/Theme.IAPTheme" />
63-->[com.google.android.gms:play-services-ads-lite:9.4.0] AndroidManifest.xml:31:13-50
64        <activity
64-->[com.google.android.gms:play-services-appinvite:9.4.0] AndroidManifest.xml:21:9-29:20
65            android:name="com.google.android.gms.appinvite.PreviewActivity"
65-->[com.google.android.gms:play-services-appinvite:9.4.0] AndroidManifest.xml:22:17-48
66            android:exported="true"
66-->[com.google.android.gms:play-services-appinvite:9.4.0] AndroidManifest.xml:23:17-40
67            android:theme="@style/Theme.AppInvite.Preview" >
67-->[com.google.android.gms:play-services-appinvite:9.4.0] AndroidManifest.xml:24:17-63
68            <intent-filter>
68-->[com.google.android.gms:play-services-appinvite:9.4.0] AndroidManifest.xml:25:13-28:29
69                <action android:name="com.google.android.gms.appinvite.ACTION_PREVIEW" />
69-->[com.google.android.gms:play-services-appinvite:9.4.0] AndroidManifest.xml:26:17-89
69-->[com.google.android.gms:play-services-appinvite:9.4.0] AndroidManifest.xml:26:25-87
70
71                <category android:name="android.intent.category.DEFAULT" />
71-->[com.google.android.gms:play-services-appinvite:9.4.0] AndroidManifest.xml:27:17-75
71-->[com.google.android.gms:play-services-appinvite:9.4.0] AndroidManifest.xml:27:27-73
72            </intent-filter>
73        </activity>
74        <activity
74-->[com.google.android.gms:play-services-auth:9.4.0] AndroidManifest.xml:21:9-24:46
75            android:name="com.google.android.gms.auth.api.signin.internal.SignInHubActivity"
75-->[com.google.android.gms:play-services-auth:9.4.0] AndroidManifest.xml:21:19-68
76            android:excludeFromRecents="true"
76-->[com.google.android.gms:play-services-auth:9.4.0] AndroidManifest.xml:23:19-52
77            android:exported="false"
77-->[com.google.android.gms:play-services-auth:9.4.0] AndroidManifest.xml:24:19-43
78            android:theme="@android:style/Theme.Translucent.NoTitleBar" />
78-->[com.google.android.gms:play-services-auth:9.4.0] AndroidManifest.xml:22:19-78
79        <!--
80Service handling Google Sign-In user revocation. For apps that do not integrate with
81            Google Sign-In, this service will never be started.
82        -->
83        <service
83-->[com.google.android.gms:play-services-auth:9.4.0] AndroidManifest.xml:28:9-31:110
84            android:name="com.google.android.gms.auth.api.signin.RevocationBoundService"
84-->[com.google.android.gms:play-services-auth:9.4.0] AndroidManifest.xml:29:13-58
85            android:exported="true"
85-->[com.google.android.gms:play-services-auth:9.4.0] AndroidManifest.xml:30:13-36
86            android:permission="com.google.android.gms.auth.api.signin.permission.REVOCATION_NOTIFICATION" />
86-->[com.google.android.gms:play-services-auth:9.4.0] AndroidManifest.xml:31:13-107
87
88        <receiver android:name="com.google.android.gms.cast.framework.media.MediaIntentReceiver" />
88-->[com.google.android.gms:play-services-cast-framework:9.4.0] AndroidManifest.xml:6:9-100
88-->[com.google.android.gms:play-services-cast-framework:9.4.0] AndroidManifest.xml:6:19-97
89
90        <service android:name="com.google.android.gms.cast.framework.media.MediaNotificationService" />
90-->[com.google.android.gms:play-services-cast-framework:9.4.0] AndroidManifest.xml:7:9-104
90-->[com.google.android.gms:play-services-cast-framework:9.4.0] AndroidManifest.xml:7:18-101
91        <service android:name="com.google.android.gms.cast.framework.ReconnectionService" />
91-->[com.google.android.gms:play-services-cast-framework:9.4.0] AndroidManifest.xml:8:9-92
91-->[com.google.android.gms:play-services-cast-framework:9.4.0] AndroidManifest.xml:8:18-90
92        <service
92-->[com.google.firebase:firebase-crash:9.4.0] AndroidManifest.xml:26:9-27:50
93            android:name="com.google.firebase.crash.internal.service.FirebaseCrashReceiverService"
93-->[com.google.firebase:firebase-crash:9.4.0] AndroidManifest.xml:26:18-79
94            android:process=":background_crash" />
94-->[com.google.firebase:firebase-crash:9.4.0] AndroidManifest.xml:27:13-48
95        <service
95-->[com.google.firebase:firebase-crash:9.4.0] AndroidManifest.xml:29:9-30:50
96            android:name="com.google.firebase.crash.internal.service.FirebaseCrashSenderService"
96-->[com.google.firebase:firebase-crash:9.4.0] AndroidManifest.xml:29:18-77
97            android:process=":background_crash" />
97-->[com.google.firebase:firebase-crash:9.4.0] AndroidManifest.xml:30:13-48
98
99        <activity
99-->[com.google.android.gms:play-services-base:9.4.0] AndroidManifest.xml:20:9-22:45
100            android:name="com.google.android.gms.common.api.GoogleApiActivity"
100-->[com.google.android.gms:play-services-base:9.4.0] AndroidManifest.xml:20:19-85
101            android:exported="false"
101-->[com.google.android.gms:play-services-base:9.4.0] AndroidManifest.xml:22:19-43
102            android:theme="@android:style/Theme.Translucent.NoTitleBar" />
102-->[com.google.android.gms:play-services-base:9.4.0] AndroidManifest.xml:21:19-78
103        <!--
104 FirebaseMessagingService performs security checks at runtime,
105             no need for explicit permissions despite exported="true"
106        -->
107        <service
107-->[com.google.firebase:firebase-messaging:9.4.0] AndroidManifest.xml:24:9-30:19
108            android:name="com.google.firebase.messaging.FirebaseMessagingService"
108-->[com.google.firebase:firebase-messaging:9.4.0] AndroidManifest.xml:25:13-82
109            android:exported="true" >
109-->[com.google.firebase:firebase-messaging:9.4.0] AndroidManifest.xml:26:13-36
110            <intent-filter android:priority="-500" >
110-->[com.google.firebase:firebase-messaging:9.4.0] AndroidManifest.xml:27:13-29:29
110-->[com.google.firebase:firebase-messaging:9.4.0] AndroidManifest.xml:27:28-51
111                <action android:name="com.google.firebase.MESSAGING_EVENT" />
111-->[com.google.firebase:firebase-messaging:9.4.0] AndroidManifest.xml:28:17-78
111-->[com.google.firebase:firebase-messaging:9.4.0] AndroidManifest.xml:28:25-75
112            </intent-filter>
113        </service>
114        <service
114-->[com.google.android.gms:play-services-tagmanager-api:9.4.0] AndroidManifest.xml:25:9-27:42
115            android:name="com.google.android.gms.tagmanager.TagManagerService"
115-->[com.google.android.gms:play-services-tagmanager-api:9.4.0] AndroidManifest.xml:25:18-84
116            android:enabled="true"
116-->[com.google.android.gms:play-services-tagmanager-api:9.4.0] AndroidManifest.xml:27:17-39
117            android:exported="false" />
117-->[com.google.android.gms:play-services-tagmanager-api:9.4.0] AndroidManifest.xml:26:17-41
118
119        <activity
119-->[com.google.android.gms:play-services-tagmanager-api:9.4.0] AndroidManifest.xml:28:9-37:20
120            android:name="com.google.android.gms.tagmanager.TagManagerPreviewActivity"
120-->[com.google.android.gms:play-services-tagmanager-api:9.4.0] AndroidManifest.xml:29:13-87
121            android:noHistory="true" > <!-- optional, removes the previewActivity from the activity stack. -->
121-->[com.google.android.gms:play-services-tagmanager-api:9.4.0] AndroidManifest.xml:30:13-37
122            <intent-filter>
122-->[com.google.android.gms:play-services-tagmanager-api:9.4.0] AndroidManifest.xml:31:13-36:29
123                <data android:scheme="tagmanager.c.com.parse.starter" />
123-->[com.google.android.gms:play-services-tagmanager-api:9.4.0] AndroidManifest.xml:32:17-72
123-->[com.google.android.gms:play-services-tagmanager-api:9.4.0] AndroidManifest.xml:32:23-69
124
125                <action android:name="android.intent.action.VIEW" />
125-->[com.google.android.gms:play-services-tagmanager-api:9.4.0] AndroidManifest.xml:33:17-69
125-->[com.google.android.gms:play-services-tagmanager-api:9.4.0] AndroidManifest.xml:33:25-66
126
127                <category android:name="android.intent.category.DEFAULT" />
127-->[com.google.android.gms:play-services-appinvite:9.4.0] AndroidManifest.xml:27:17-75
127-->[com.google.android.gms:play-services-appinvite:9.4.0] AndroidManifest.xml:27:27-73
128                <category android:name="android.intent.category.BROWSABLE" />
128-->[com.google.android.gms:play-services-tagmanager-api:9.4.0] AndroidManifest.xml:35:17-77
128-->[com.google.android.gms:play-services-tagmanager-api:9.4.0] AndroidManifest.xml:35:27-75
129            </intent-filter>
130        </activity>
131
132        <receiver
132-->[com.google.firebase:firebase-analytics:9.4.0] AndroidManifest.xml:28:7-34:18
133            android:name="com.google.android.gms.measurement.AppMeasurementReceiver"
133-->[com.google.firebase:firebase-analytics:9.4.0] AndroidManifest.xml:29:11-83
134            android:enabled="true" >
134-->[com.google.firebase:firebase-analytics:9.4.0] AndroidManifest.xml:30:11-33
135            <intent-filter>
135-->[com.google.firebase:firebase-analytics:9.4.0] AndroidManifest.xml:31:9-33:25
136                <action android:name="com.google.android.gms.measurement.UPLOAD" />
136-->[com.google.firebase:firebase-analytics:9.4.0] AndroidManifest.xml:32:11-77
136-->[com.google.firebase:firebase-analytics:9.4.0] AndroidManifest.xml:32:19-75
137            </intent-filter>
138        </receiver>
139
140        <service
140-->[com.google.firebase:firebase-analytics:9.4.0] AndroidManifest.xml:36:7-39:37
141            android:name="com.google.android.gms.measurement.AppMeasurementService"
141-->[com.google.firebase:firebase-analytics:9.4.0] AndroidManifest.xml:37:11-82
142            android:enabled="true"
142-->[com.google.firebase:firebase-analytics:9.4.0] AndroidManifest.xml:38:11-33
143            android:exported="false" />
143-->[com.google.firebase:firebase-analytics:9.4.0] AndroidManifest.xml:39:11-35
144
145        <receiver
145-->[com.google.firebase:firebase-iid:9.4.0] AndroidManifest.xml:32:9-41:20
146            android:name="com.google.firebase.iid.FirebaseInstanceIdReceiver"
146-->[com.google.firebase:firebase-iid:9.4.0] AndroidManifest.xml:33:13-78
147            android:exported="true"
147-->[com.google.firebase:firebase-iid:9.4.0] AndroidManifest.xml:34:13-36
148            android:permission="com.google.android.c2dm.permission.SEND" >
148-->[com.google.firebase:firebase-iid:9.4.0] AndroidManifest.xml:35:13-73
149            <intent-filter>
149-->[com.google.firebase:firebase-iid:9.4.0] AndroidManifest.xml:36:13-40:29
150                <action android:name="com.google.android.c2dm.intent.RECEIVE" />
150-->[com.google.firebase:firebase-iid:9.4.0] AndroidManifest.xml:37:17-81
150-->[com.google.firebase:firebase-iid:9.4.0] AndroidManifest.xml:37:25-78
151                <action android:name="com.google.android.c2dm.intent.REGISTRATION" />
151-->[com.google.firebase:firebase-iid:9.4.0] AndroidManifest.xml:38:17-86
151-->[com.google.firebase:firebase-iid:9.4.0] AndroidManifest.xml:38:25-83
152
153                <category android:name="com.parse.starter" />
153-->[com.google.firebase:firebase-iid:9.4.0] AndroidManifest.xml:39:17-61
153-->[com.google.firebase:firebase-iid:9.4.0] AndroidManifest.xml:39:27-58
154            </intent-filter>
155        </receiver>
156        <!--
157 Internal (not exported) receiver used by the app to start its own exported services
158             without risk of being spoofed.
159        -->
160        <receiver
160-->[com.google.firebase:firebase-iid:9.4.0] AndroidManifest.xml:45:9-47:40
161            android:name="com.google.firebase.iid.FirebaseInstanceIdInternalReceiver"
161-->[com.google.firebase:firebase-iid:9.4.0] AndroidManifest.xml:46:13-86
162            android:exported="false" />
162-->[com.google.firebase:firebase-iid:9.4.0] AndroidManifest.xml:47:13-37
163        <!--
164 FirebaseInstanceIdService performs security checks at runtime,
165             no need for explicit permissions despite exported="true"
166        -->
167        <service
167-->[com.google.firebase:firebase-iid:9.4.0] AndroidManifest.xml:51:9-57:19
168            android:name="com.google.firebase.iid.FirebaseInstanceIdService"
168-->[com.google.firebase:firebase-iid:9.4.0] AndroidManifest.xml:52:13-77
169            android:exported="true" >
169-->[com.google.firebase:firebase-iid:9.4.0] AndroidManifest.xml:53:13-36
170            <intent-filter android:priority="-500" >
170-->[com.google.firebase:firebase-iid:9.4.0] AndroidManifest.xml:54:13-56:29
170-->[com.google.firebase:firebase-iid:9.4.0] AndroidManifest.xml:54:28-51
171                <action android:name="com.google.firebase.INSTANCE_ID_EVENT" />
171-->[com.google.firebase:firebase-iid:9.4.0] AndroidManifest.xml:55:17-80
171-->[com.google.firebase:firebase-iid:9.4.0] AndroidManifest.xml:55:25-77
172            </intent-filter>
173        </service>
174
175        <provider
175-->[com.google.firebase:firebase-common:9.4.0] AndroidManifest.xml:7:9-11:39
176            android:name="com.google.firebase.provider.FirebaseInitProvider"
176-->[com.google.firebase:firebase-common:9.4.0] AndroidManifest.xml:9:13-58
177            android:authorities="com.parse.starter.firebaseinitprovider"
177-->[com.google.firebase:firebase-common:9.4.0] AndroidManifest.xml:8:13-72
178            android:exported="false"
178-->[com.google.firebase:firebase-common:9.4.0] AndroidManifest.xml:10:13-37
179            android:initOrder="100" />
179-->[com.google.firebase:firebase-common:9.4.0] AndroidManifest.xml:11:13-36
180
181        <meta-data
181-->[com.google.android.gms:play-services-basement:9.4.0] AndroidManifest.xml:21:9-23:69
182            android:name="com.google.android.gms.version"
182-->[com.google.android.gms:play-services-basement:9.4.0] AndroidManifest.xml:22:13-58
183            android:value="@integer/google_play_services_version" />
183-->[com.google.android.gms:play-services-basement:9.4.0] AndroidManifest.xml:23:13-66
184    </application>
185
186</manifest>